  [4;36;1mSQL (0.1ms)[0m   [0;1mSET client_min_messages TO 'panic'[0m
  [4;35;1mSQL (0.1ms)[0m   [0mSET client_min_messages TO 'notice'[0m
  [4;36;1mSQL (16.2ms)[0m   [0;1mCREATE TABLE "schema_migrations" ("version" character varying(255) NOT NULL) [0m
  [4;35;1mSQL (2.9ms)[0m   [0mCREATE UNIQUE INDEX "unique_schema_migrations" ON "schema_migrations" ("version")[0m
  [4;36;1mSQL (0.3ms)[0m   [0;1mSELECT version FROM schema_migrations[0m
  [4;36;1mSQL (0.1ms)[0m   [0;1mSET client_min_messages TO 'panic'[0m
  [4;35;1mSQL (0.2ms)[0m   [0mSET client_min_messages TO 'notice'[0m
  [4;36;1mSQL (0.7ms)[0m   [0;1mSELECT version FROM schema_migrations[0m
Migrating to CreateProducts (20090802111842)
  [4;35;1mSQL (0.1ms)[0m   [0mBEGIN[0m
  [4;36;1mSQL (170.5ms)[0m   [0;1mCREATE TABLE "products" ("id" serial primary key, "title" character varying(255), "description" text, "image_url" character varying(255), "created_at" timestamp, "updated_at" timestamp) [0m
  [4;35;1mSQL (9.4ms)[0m   [0mINSERT INTO schema_migrations (version) VALUES ('20090802111842')[0m
  [4;36;1mSQL (1.1ms)[0m   [0;1mCOMMIT[0m
  [4;35;1mSQL (0.2ms)[0m   [0mSELECT version FROM schema_migrations[0m
  [4;36;1mSQL (0.1ms)[0m   [0;1mSET client_min_messages TO 'panic'[0m
  [4;35;1mSQL (0.1ms)[0m   [0mSET client_min_messages TO 'notice'[0m
  [4;36;1mSQL (0.4ms)[0m   [0;1mSELECT version FROM schema_migrations[0m
  [4;35;1mSQL (0.1ms)[0m   [0mSELECT version FROM schema_migrations[0m
Migrating to CreateProducts (20090802111842)
  [4;36;1mSQL (0.1ms)[0m   [0;1mBEGIN[0m
  [4;35;1mSQL (29.5ms)[0m   [0mDROP TABLE "products"[0m
  [4;36;1mSQL (1.4ms)[0m   [0;1mDELETE FROM schema_migrations WHERE version = '20090802111842'[0m
  [4;35;1mSQL (2.7ms)[0m   [0mCOMMIT[0m
  [4;36;1mSQL (1.0ms)[0m   [0;1mSELECT version FROM schema_migrations[0m
  [4;36;1mSQL (0.1ms)[0m   [0;1mSET client_min_messages TO 'panic'[0m
  [4;35;1mSQL (0.1ms)[0m   [0mSET client_min_messages TO 'notice'[0m


Processing ApplicationController#index (for 127.0.0.1 at 2009-08-03 09:03:57) [GET]

ActionController::RoutingError (No route matches "/depot/" with {:method=>:get}):
  thin (1.0.0) lib/thin/connection.rb:63:in `pre_process'
  thin (1.0.0) lib/thin/connection.rb:54:in `process'
  thin (1.0.0) lib/thin/connection.rb:39:in `receive_data'
  eventmachine (0.12.6) lib/eventmachine.rb:240:in `run_machine'
  eventmachine (0.12.6) lib/eventmachine.rb:240:in `run'
  thin (1.0.0) lib/thin/backends/base.rb:57:in `start'
  thin (1.0.0) lib/thin/server.rb:150:in `start'
  thin (1.0.0) lib/thin/controllers/controller.rb:80:in `start'
  thin (1.0.0) lib/thin/runner.rb:173:in `send'
  thin (1.0.0) lib/thin/runner.rb:173:in `run_command'
  thin (1.0.0) lib/thin/runner.rb:139:in `run!'
  thin (1.0.0) bin/thin:6
  /opt/local/bin/thin:19:in `load'
  /opt/local/bin/thin:19

Rendering rescues/layout (not_found)
  [4;36;1mSQL (7.5ms)[0m   [0;1mSET client_min_messages TO 'panic'[0m
  [4;35;1mSQL (10.7ms)[0m   [0mSET client_min_messages TO 'notice'[0m


Processing ProductsController#index (for 127.0.0.1 at 2009-08-03 09:04:07) [GET]
  [4;36;1mProduct Load (0.0ms)[0m   [0;1mPGError: ERROR: relation "products" does not exist
: SELECT * FROM "products" [0m

ActiveRecord::StatementInvalid (PGError: ERROR:  relation "products" does not exist
: SELECT * FROM "products" ):
  app/controllers/products_controller.rb:5:in `index'
  thin (1.0.0) lib/thin/connection.rb:63:in `pre_process'
  thin (1.0.0) lib/thin/connection.rb:54:in `process'
  thin (1.0.0) lib/thin/connection.rb:39:in `receive_data'
  eventmachine (0.12.6) lib/eventmachine.rb:240:in `run_machine'
  eventmachine (0.12.6) lib/eventmachine.rb:240:in `run'
  thin (1.0.0) lib/thin/backends/base.rb:57:in `start'
  thin (1.0.0) lib/thin/server.rb:150:in `start'
  thin (1.0.0) lib/thin/controllers/controller.rb:80:in `start'
  thin (1.0.0) lib/thin/runner.rb:173:in `send'
  thin (1.0.0) lib/thin/runner.rb:173:in `run_command'
  thin (1.0.0) lib/thin/runner.rb:139:in `run!'
  thin (1.0.0) bin/thin:6
  /opt/local/bin/thin:19:in `load'
  /opt/local/bin/thin:19

Rendered rescues/_trace (43.6ms)
Rendered rescues/_request_and_response (1.4ms)
Rendering rescues/layout (internal_server_error)
  [4;36;1mSQL (0.1ms)[0m   [0;1mSET client_min_messages TO 'panic'[0m
  [4;35;1mSQL (0.1ms)[0m   [0mSET client_min_messages TO 'notice'[0m
  [4;36;1mSQL (0.4ms)[0m   [0;1mSELECT version FROM schema_migrations[0m
Migrating to CreateProducts (20090802111842)
  [4;35;1mSQL (0.1ms)[0m   [0mBEGIN[0m
  [4;36;1mSQL (37.3ms)[0m   [0;1mCREATE TABLE "products" ("id" serial primary key, "title" character varying(255), "description" text, "image_url" character varying(255), "created_at" timestamp, "updated_at" timestamp) [0m
  [4;35;1mSQL (0.3ms)[0m   [0mINSERT INTO schema_migrations (version) VALUES ('20090802111842')[0m
  [4;36;1mSQL (1.9ms)[0m   [0;1mCOMMIT[0m
  [4;35;1mSQL (0.1ms)[0m   [0mSELECT version FROM schema_migrations[0m
  [4;36;1mSQL (0.1ms)[0m   [0;1mSET client_min_messages TO 'panic'[0m
  [4;35;1mSQL (0.1ms)[0m   [0mSET client_min_messages TO 'notice'[0m


Processing ProductsController#index (for 127.0.0.1 at 2009-08-03 09:06:49) [GET]
  [4;36;1mProduct Load (1.9ms)[0m   [0;1mSELECT * FROM "products" [0m
Rendering template within layouts/products
Rendering products/index
Completed in 61ms (View: 54, DB: 2) | 200 OK [http://localhost/products]
